# JRE version: OpenJDK Runtime Environment (17.0.6) (build 17.0.6+0-b2043.56-9586694)
# Java VM: OpenJDK 64-Bit Server VM (17.0.6+0-b2043.56-9586694, mixed mode, tiered, compressed oops, compressed class ptrs, g1 gc, windows-amd64)
GC Precious Log:
 CPUs: 8 total, 8 available
 Memory: 10178M
 Large Page Support: Disabled
 NUMA Support: Disabled
 Compressed Oops: Enabled (32-bit)
 Heap Region Size: 1M
 Heap Min Capacity: 8M
 Heap Initial Capacity: 160M
 Heap Max Capacity: 2G
 Pre-touch: Disabled
 Parallel Workers: 8
 Concurrent Workers: 2
 Concurrent Refinement Workers: 8
 Periodic GC: Disabled
Heap:
 garbage-first heap   total 274432K, used 100358K [0x0000000080000000, 0x0000000100000000)
  region size 1024K, 28 young (28672K), 18 survivors (18432K)
 Metaspace       used 93905K, committed 94528K, reserved 1130496K
  class space    used 12903K, committed 13184K, reserved 1048576K
GC Heap History (20 events):
Event: 9.273 GC heap before
{Heap before GC invocations=21 (full 0):
 garbage-first heap   total 120832K, used 60901K [0x0000000080000000, 0x0000000100000000)
  region size 1024K, 5 young (5120K), 2 survivors (2048K)
 Metaspace       used 61122K, committed 61568K, reserved 1105920K
  class space    used 8106K, committed 8320K, reserved 1048576K
}
Event: 9.277 GC heap after
{Heap after GC invocations=22 (full 0):
 garbage-first heap   total 120832K, used 57672K [0x0000000080000000, 0x0000000100000000)
  region size 1024K, 1 young (1024K), 1 survivors (1024K)
 Metaspace       used 61122K, committed 61568K, reserved 1105920K
  class space    used 8106K, committed 8320K, reserved 1048576K
}
Event: 9.527 GC heap before
{Heap before GC invocations=22 (full 0):
 garbage-first heap   total 120832K, used 63816K [0x0000000080000000, 0x0000000100000000)
  region size 1024K, 8 young (8192K), 1 survivors (1024K)
 Metaspace       used 62749K, committed 63296K, reserved 1105920K
  class space    used 8295K, committed 8512K, reserved 1048576K
}
Event: 9.530 GC heap after
{Heap after GC invocations=23 (full 0):
 garbage-first heap   total 120832K, used 58798K [0x0000000080000000, 0x0000000100000000)
  region size 1024K, 2 young (2048K), 2 survivors (2048K)
 Metaspace       used 62749K, committed 63296K, reserved 1105920K
  class space    used 8295K, committed 8512K, reserved 1048576K
}
Event: 10.271 GC heap before
{Heap before GC invocations=24 (full 0):
 garbage-first heap   total 120832K, used 98734K [0x0000000080000000, 0x0000000100000000)
  region size 1024K, 35 young (35840K), 2 survivors (2048K)
 Metaspace       used 65191K, committed 65664K, reserved 1105920K
  class space    used 8606K, committed 8832K, reserved 1048576K
}
Event: 10.278 GC heap after
{Heap after GC invocations=25 (full 0):
 garbage-first heap   total 120832K, used 61751K [0x0000000080000000, 0x0000000100000000)
  region size 1024K, 5 young (5120K), 5 survivors (5120K)
 Metaspace       used 65191K, committed 65664K, reserved 1105920K
  class space    used 8606K, committed 8832K, reserved 1048576K
}
Event: 10.298 GC heap before
{Heap before GC invocations=25 (full 0):
 garbage-first heap   total 120832K, used 61751K [0x0000000080000000, 0x0000000100000000)
  region size 1024K, 6 young (6144K), 5 survivors (5120K)
 Metaspace       used 65279K, committed 65792K, reserved 1114112K
  class space    used 8615K, committed 8832K, reserved 1048576K
}
Event: 10.304 GC heap after
{Heap after GC invocations=26 (full 0):
 garbage-first heap   total 120832K, used 61811K [0x0000000080000000, 0x0000000100000000)
  region size 1024K, 1 young (1024K), 1 survivors (1024K)
 Metaspace       used 65279K, committed 65792K, reserved 1114112K
  class space    used 8615K, committed 8832K, reserved 1048576K
}
Event: 11.004 GC heap before
{Heap before GC invocations=26 (full 0):
 garbage-first heap   total 120832K, used 94579K [0x0000000080000000, 0x0000000100000000)
  region size 1024K, 32 young (32768K), 1 survivors (1024K)
 Metaspace       used 68364K, committed 68992K, reserved 1114112K
  class space    used 9001K, committed 9280K, reserved 1048576K
}
Event: 11.009 GC heap after
{Heap after GC invocations=27 (full 0):
 garbage-first heap   total 120832K, used 63785K [0x0000000080000000, 0x0000000100000000)
  region size 1024K, 3 young (3072K), 3 survivors (3072K)
 Metaspace       used 68364K, committed 68992K, reserved 1114112K
  class space    used 9001K, committed 9280K, reserved 1048576K
}
Event: 11.820 GC heap before
{Heap before GC invocations=28 (full 0):
 garbage-first heap   total 120832K, used 95529K [0x0000000080000000, 0x0000000100000000)
  region size 1024K, 34 young (34816K), 3 survivors (3072K)
 Metaspace       used 71140K, committed 71744K, reserved 1114112K
  class space    used 9390K, committed 9664K, reserved 1048576K
}
Event: 11.826 GC heap after
{Heap after GC invocations=29 (full 0):
 garbage-first heap   total 120832K, used 66290K [0x0000000080000000, 0x0000000100000000)
  region size 1024K, 5 young (5120K), 5 survivors (5120K)
 Metaspace       used 71140K, committed 71744K, reserved 1114112K
  class space    used 9390K, committed 9664K, reserved 1048576K
}
Event: 11.837 GC heap before
{Heap before GC invocations=29 (full 0):
 garbage-first heap   total 120832K, used 67314K [0x0000000080000000, 0x0000000100000000)
  region size 1024K, 6 young (6144K), 5 survivors (5120K)
 Metaspace       used 71151K, committed 71744K, reserved 1114112K
  class space    used 9392K, committed 9664K, reserved 1048576K
}
Event: 11.844 GC heap after
{Heap after GC invocations=30 (full 0):
 garbage-first heap   total 120832K, used 66609K [0x0000000080000000, 0x0000000100000000)
  region size 1024K, 1 young (1024K), 1 survivors (1024K)
 Metaspace       used 71151K, committed 71744K, reserved 1114112K
  class space    used 9392K, committed 9664K, reserved 1048576K
}
Event: 12.176 GC heap before
{Heap before GC invocations=30 (full 0):
 garbage-first heap   total 120832K, used 97329K [0x0000000080000000, 0x0000000100000000)
  region size 1024K, 31 young (31744K), 1 survivors (1024K)
 Metaspace       used 71376K, committed 71936K, reserved 1114112K
  class space    used 9424K, committed 9664K, reserved 1048576K
}
Event: 12.182 GC heap after
{Heap after GC invocations=31 (full 0):
 garbage-first heap   total 274432K, used 68612K [0x0000000080000000, 0x0000000100000000)
  region size 1024K, 3 young (3072K), 3 survivors (3072K)
 Metaspace       used 71376K, committed 71936K, reserved 1114112K
  class space    used 9424K, committed 9664K, reserved 1048576K
}
Event: 14.899 GC heap before
{Heap before GC invocations=31 (full 0):
 garbage-first heap   total 274432K, used 192516K [0x0000000080000000, 0x0000000100000000)
  region size 1024K, 124 young (126976K), 3 survivors (3072K)
 Metaspace       used 85581K, committed 86144K, reserved 1130496K
  class space    used 11635K, committed 11904K, reserved 1048576K
}
Event: 14.913 GC heap after
{Heap after GC invocations=32 (full 0):
 garbage-first heap   total 274432K, used 76903K [0x0000000080000000, 0x0000000100000000)
  region size 1024K, 11 young (11264K), 11 survivors (11264K)
 Metaspace       used 85581K, committed 86144K, reserved 1130496K
  class space    used 11635K, committed 11904K, reserved 1048576K
}
Event: 17.156 GC heap before
{Heap before GC invocations=32 (full 0):
 garbage-first heap   total 274432K, used 211047K [0x0000000080000000, 0x0000000100000000)
  region size 1024K, 142 young (145408K), 11 survivors (11264K)
 Metaspace       used 92861K, committed 93504K, reserved 1130496K
  class space    used 12676K, committed 12992K, reserved 1048576K
}
Event: 17.185 GC heap after
{Heap after GC invocations=33 (full 0):
 garbage-first heap   total 274432K, used 91142K [0x0000000080000000, 0x0000000100000000)
  region size 1024K, 18 young (18432K), 18 survivors (18432K)
 Metaspace       used 92861K, committed 93504K, reserved 1130496K
  class space    used 12676K, committed 12992K, reserved 1048576K
}

