# JRE version: OpenJDK Runtime Environment (17.0.6) (build 17.0.6+0-b2043.56-9586694)
# Java VM: OpenJDK 64-Bit Server VM (17.0.6+0-b2043.56-9586694, mixed mode, tiered, compressed oops, compressed class ptrs, g1 gc, windows-amd64)
GC Precious Log:
 CPUs: 8 total, 8 available
 Memory: 10178M
 Large Page Support: Disabled
 NUMA Support: Disabled
 Compressed Oops: Enabled (Zero based)
 Heap Region Size: 2M
 Heap Min Capacity: 8M
 Heap Initial Capacity: 160M
 Heap Max Capacity: 2546M
 Pre-touch: Disabled
 Parallel Workers: 8
 Concurrent Workers: 2
 Concurrent Refinement Workers: 8
 Periodic GC: Disabled
Heap:
 garbage-first heap   total 108544K, used 54055K [0x0000000760e00000, 0x0000000800000000)
  region size 2048K, 4 young (8192K), 3 survivors (6144K)
 Metaspace       used 64511K, committed 64832K, reserved 1114112K
  class space    used 7741K, committed 7872K, reserved 1048576K
GC Heap History (20 events):
Event: 2.915 GC heap before
{Heap before GC invocations=7 (full 0):
 garbage-first heap   total 73728K, used 24348K [0x0000000760e00000, 0x0000000800000000)
  region size 2048K, 3 young (6144K), 2 survivors (4096K)
 Metaspace       used 35870K, committed 36096K, reserved 1081344K
  class space    used 4577K, committed 4672K, reserved 1048576K
}
Event: 2.919 GC heap after
{Heap after GC invocations=8 (full 0):
 garbage-first heap   total 73728K, used 24873K [0x0000000760e00000, 0x0000000800000000)
  region size 2048K, 1 young (2048K), 1 survivors (2048K)
 Metaspace       used 35870K, committed 36096K, reserved 1081344K
  class space    used 4577K, committed 4672K, reserved 1048576K
}
Event: 3.331 GC heap before
{Heap before GC invocations=9 (full 0):
 garbage-first heap   total 73728K, used 47401K [0x0000000760e00000, 0x0000000800000000)
  region size 2048K, 13 young (26624K), 1 survivors (2048K)
 Metaspace       used 40367K, committed 40640K, reserved 1089536K
  class space    used 5056K, committed 5184K, reserved 1048576K
}
Event: 3.339 GC heap after
{Heap after GC invocations=10 (full 0):
 garbage-first heap   total 73728K, used 26005K [0x0000000760e00000, 0x0000000800000000)
  region size 2048K, 2 young (4096K), 2 survivors (4096K)
 Metaspace       used 40367K, committed 40640K, reserved 1089536K
  class space    used 5056K, committed 5184K, reserved 1048576K
}
Event: 3.795 GC heap before
{Heap before GC invocations=10 (full 0):
 garbage-first heap   total 73728K, used 50581K [0x0000000760e00000, 0x0000000800000000)
  region size 2048K, 14 young (28672K), 2 survivors (4096K)
 Metaspace       used 46137K, committed 46464K, reserved 1097728K
  class space    used 5599K, committed 5760K, reserved 1048576K
}
Event: 3.804 GC heap after
{Heap after GC invocations=11 (full 0):
 garbage-first heap   total 73728K, used 27951K [0x0000000760e00000, 0x0000000800000000)
  region size 2048K, 1 young (2048K), 1 survivors (2048K)
 Metaspace       used 46137K, committed 46464K, reserved 1097728K
  class space    used 5599K, committed 5760K, reserved 1048576K
}
Event: 4.463 GC heap before
{Heap before GC invocations=11 (full 0):
 garbage-first heap   total 73728K, used 52527K [0x0000000760e00000, 0x0000000800000000)
  region size 2048K, 13 young (26624K), 1 survivors (2048K)
 Metaspace       used 50632K, committed 50944K, reserved 1097728K
  class space    used 6143K, committed 6272K, reserved 1048576K
}
Event: 4.473 GC heap after
{Heap after GC invocations=12 (full 0):
 garbage-first heap   total 90112K, used 33385K [0x0000000760e00000, 0x0000000800000000)
  region size 2048K, 2 young (4096K), 2 survivors (4096K)
 Metaspace       used 50632K, committed 50944K, reserved 1097728K
  class space    used 6143K, committed 6272K, reserved 1048576K
}
Event: 4.807 GC heap before
{Heap before GC invocations=12 (full 0):
 garbage-first heap   total 90112K, used 62057K [0x0000000760e00000, 0x0000000800000000)
  region size 2048K, 17 young (34816K), 2 survivors (4096K)
 Metaspace       used 52793K, committed 53120K, reserved 1097728K
  class space    used 6387K, committed 6528K, reserved 1048576K
}
Event: 4.821 GC heap after
{Heap after GC invocations=13 (full 0):
 garbage-first heap   total 90112K, used 36817K [0x0000000760e00000, 0x0000000800000000)
  region size 2048K, 3 young (6144K), 3 survivors (6144K)
 Metaspace       used 52793K, committed 53120K, reserved 1097728K
  class space    used 6387K, committed 6528K, reserved 1048576K
}
Event: 5.531 GC heap before
{Heap before GC invocations=13 (full 0):
 garbage-first heap   total 90112K, used 65489K [0x0000000760e00000, 0x0000000800000000)
  region size 2048K, 17 young (34816K), 3 survivors (6144K)
 Metaspace       used 57151K, committed 57472K, reserved 1105920K
  class space    used 6899K, committed 7040K, reserved 1048576K
}
Event: 5.546 GC heap after
{Heap after GC invocations=14 (full 0):
 garbage-first heap   total 90112K, used 40009K [0x0000000760e00000, 0x0000000800000000)
  region size 2048K, 3 young (6144K), 3 survivors (6144K)
 Metaspace       used 57151K, committed 57472K, reserved 1105920K
  class space    used 6899K, committed 7040K, reserved 1048576K
}
Event: 6.321 GC heap before
{Heap before GC invocations=14 (full 0):
 garbage-first heap   total 90112K, used 66633K [0x0000000760e00000, 0x0000000800000000)
  region size 2048K, 16 young (32768K), 3 survivors (6144K)
 Metaspace       used 59350K, committed 59712K, reserved 1105920K
  class space    used 7076K, committed 7232K, reserved 1048576K
}
Event: 6.340 GC heap after
{Heap after GC invocations=15 (full 0):
 garbage-first heap   total 90112K, used 44012K [0x0000000760e00000, 0x0000000800000000)
  region size 2048K, 2 young (4096K), 2 survivors (4096K)
 Metaspace       used 59350K, committed 59712K, reserved 1105920K
  class space    used 7076K, committed 7232K, reserved 1048576K
}
Event: 6.771 GC heap before
{Heap before GC invocations=15 (full 0):
 garbage-first heap   total 90112K, used 66540K [0x0000000760e00000, 0x0000000800000000)
  region size 2048K, 13 young (26624K), 2 survivors (4096K)
 Metaspace       used 59719K, committed 60032K, reserved 1105920K
  class space    used 7088K, committed 7232K, reserved 1048576K
}
Event: 6.789 GC heap after
{Heap after GC invocations=16 (full 0):
 garbage-first heap   total 108544K, used 48104K [0x0000000760e00000, 0x0000000800000000)
  region size 2048K, 2 young (4096K), 2 survivors (4096K)
 Metaspace       used 59719K, committed 60032K, reserved 1105920K
  class space    used 7088K, committed 7232K, reserved 1048576K
}
Event: 7.201 GC heap before
{Heap before GC invocations=17 (full 0):
 garbage-first heap   total 108544K, used 80872K [0x0000000760e00000, 0x0000000800000000)
  region size 2048K, 18 young (36864K), 2 survivors (4096K)
 Metaspace       used 60253K, committed 60544K, reserved 1105920K
  class space    used 7170K, committed 7296K, reserved 1048576K
}
Event: 7.216 GC heap after
{Heap after GC invocations=18 (full 0):
 garbage-first heap   total 108544K, used 51623K [0x0000000760e00000, 0x0000000800000000)
  region size 2048K, 2 young (4096K), 2 survivors (4096K)
 Metaspace       used 60253K, committed 60544K, reserved 1105920K
  class space    used 7170K, committed 7296K, reserved 1048576K
}
Event: 8.108 GC heap before
{Heap before GC invocations=18 (full 0):
 garbage-first heap   total 108544K, used 82343K [0x0000000760e00000, 0x0000000800000000)
  region size 2048K, 17 young (34816K), 2 survivors (4096K)
 Metaspace       used 64214K, committed 64512K, reserved 1105920K
  class space    used 7710K, committed 7872K, reserved 1048576K
}
Event: 8.122 GC heap after
{Heap after GC invocations=19 (full 0):
 garbage-first heap   total 108544K, used 54055K [0x0000000760e00000, 0x0000000800000000)
  region size 2048K, 3 young (6144K), 3 survivors (6144K)
 Metaspace       used 64214K, committed 64512K, reserved 1105920K
  class space    used 7710K, committed 7872K, reserved 1048576K
}

