# JRE version: OpenJDK Runtime Environment (17.0.6) (build 17.0.6+0-b2043.56-9586694)
# Java VM: OpenJDK 64-Bit Server VM (17.0.6+0-b2043.56-9586694, mixed mode, tiered, compressed oops, compressed class ptrs, g1 gc, windows-amd64)
GC Precious Log:
 CPUs: 8 total, 8 available
 Memory: 10178M
 Large Page Support: Disabled
 NUMA Support: Disabled
 Compressed Oops: Enabled (32-bit)
 Heap Region Size: 1M
 Heap Min Capacity: 8M
 Heap Initial Capacity: 160M
 Heap Max Capacity: 2G
 Pre-touch: Disabled
 Parallel Workers: 8
 Concurrent Workers: 2
 Concurrent Refinement Workers: 8
 Periodic GC: Disabled
Heap:
 garbage-first heap   total 370688K, used 278217K [0x0000000080000000, 0x0000000100000000)
  region size 1024K, 59 young (60416K), 10 survivors (10240K)
 Metaspace       used 161185K, committed 162304K, reserved 1196032K
  class space    used 21753K, committed 22272K, reserved 1048576K
GC Heap History (20 events):
Event: 39.961 GC heap before
{Heap before GC invocations=62 (full 0):
 garbage-first heap   total 370688K, used 222307K [0x0000000080000000, 0x0000000100000000)
  region size 1024K, 18 young (18432K), 3 survivors (3072K)
 Metaspace       used 133066K, committed 134336K, reserved 1179648K
  class space    used 18134K, committed 18816K, reserved 1048576K
}
Event: 39.972 GC heap after
{Heap after GC invocations=63 (full 0):
 garbage-first heap   total 370688K, used 179239K [0x0000000080000000, 0x0000000100000000)
  region size 1024K, 2 young (2048K), 2 survivors (2048K)
 Metaspace       used 133066K, committed 134336K, reserved 1179648K
  class space    used 18134K, committed 18816K, reserved 1048576K
}
Event: 40.906 GC heap before
{Heap before GC invocations=63 (full 0):
 garbage-first heap   total 370688K, used 296999K [0x0000000080000000, 0x0000000100000000)
  region size 1024K, 118 young (120832K), 2 survivors (2048K)
 Metaspace       used 136062K, committed 136960K, reserved 1179648K
  class space    used 18542K, committed 19008K, reserved 1048576K
}
Event: 40.914 GC heap after
{Heap after GC invocations=64 (full 0):
 garbage-first heap   total 370688K, used 183505K [0x0000000080000000, 0x0000000100000000)
  region size 1024K, 7 young (7168K), 7 survivors (7168K)
 Metaspace       used 136062K, committed 136960K, reserved 1179648K
  class space    used 18542K, committed 19008K, reserved 1048576K
}
Event: 41.672 GC heap before
{Heap before GC invocations=64 (full 0):
 garbage-first heap   total 370688K, used 301265K [0x0000000080000000, 0x0000000100000000)
  region size 1024K, 122 young (124928K), 7 survivors (7168K)
 Metaspace       used 137854K, committed 138816K, reserved 1179648K
  class space    used 18845K, committed 19328K, reserved 1048576K
}
Event: 41.683 GC heap after
{Heap after GC invocations=65 (full 0):
 garbage-first heap   total 370688K, used 187791K [0x0000000080000000, 0x0000000100000000)
  region size 1024K, 11 young (11264K), 11 survivors (11264K)
 Metaspace       used 137854K, committed 138816K, reserved 1179648K
  class space    used 18845K, committed 19328K, reserved 1048576K
}
Event: 346.292 GC heap before
{Heap before GC invocations=65 (full 0):
 garbage-first heap   total 370688K, used 323983K [0x0000000080000000, 0x0000000100000000)
  region size 1024K, 123 young (125952K), 11 survivors (11264K)
 Metaspace       used 141948K, committed 142976K, reserved 1179648K
  class space    used 19349K, committed 19840K, reserved 1048576K
}
Event: 346.312 GC heap after
{Heap after GC invocations=66 (full 0):
 garbage-first heap   total 370688K, used 188111K [0x0000000080000000, 0x0000000100000000)
  region size 1024K, 9 young (9216K), 9 survivors (9216K)
 Metaspace       used 141948K, committed 142976K, reserved 1179648K
  class space    used 19349K, committed 19840K, reserved 1048576K
}
Event: 349.601 GC heap before
{Heap before GC invocations=66 (full 0):
 garbage-first heap   total 370688K, used 307919K [0x0000000080000000, 0x0000000100000000)
  region size 1024K, 121 young (123904K), 9 survivors (9216K)
 Metaspace       used 143133K, committed 144192K, reserved 1179648K
  class space    used 19451K, committed 19968K, reserved 1048576K
}
Event: 349.615 GC heap after
{Heap after GC invocations=67 (full 0):
 garbage-first heap   total 370688K, used 197448K [0x0000000080000000, 0x0000000100000000)
  region size 1024K, 10 young (10240K), 10 survivors (10240K)
 Metaspace       used 143133K, committed 144192K, reserved 1179648K
  class space    used 19451K, committed 19968K, reserved 1048576K
}
Event: 353.383 GC heap before
{Heap before GC invocations=67 (full 0):
 garbage-first heap   total 370688K, used 313160K [0x0000000080000000, 0x0000000100000000)
  region size 1024K, 114 young (116736K), 10 survivors (10240K)
 Metaspace       used 147098K, committed 148096K, reserved 1179648K
  class space    used 19920K, committed 20416K, reserved 1048576K
}
Event: 353.396 GC heap after
{Heap after GC invocations=68 (full 0):
 garbage-first heap   total 370688K, used 213323K [0x0000000080000000, 0x0000000100000000)
  region size 1024K, 12 young (12288K), 12 survivors (12288K)
 Metaspace       used 147098K, committed 148096K, reserved 1179648K
  class space    used 19920K, committed 20416K, reserved 1048576K
}
Event: 354.811 GC heap before
{Heap before GC invocations=68 (full 0):
 garbage-first heap   total 370688K, used 306507K [0x0000000080000000, 0x0000000100000000)
  region size 1024K, 100 young (102400K), 12 survivors (12288K)
 Metaspace       used 148636K, committed 149696K, reserved 1179648K
  class space    used 20098K, committed 20608K, reserved 1048576K
}
Event: 354.822 GC heap after
{Heap after GC invocations=69 (full 0):
 garbage-first heap   total 370688K, used 215730K [0x0000000080000000, 0x0000000100000000)
  region size 1024K, 13 young (13312K), 13 survivors (13312K)
 Metaspace       used 148636K, committed 149696K, reserved 1179648K
  class space    used 20098K, committed 20608K, reserved 1048576K
}
Event: 356.093 GC heap before
{Heap before GC invocations=69 (full 0):
 garbage-first heap   total 370688K, used 301746K [0x0000000080000000, 0x0000000100000000)
  region size 1024K, 97 young (99328K), 13 survivors (13312K)
 Metaspace       used 157713K, committed 158784K, reserved 1187840K
  class space    used 21249K, committed 21760K, reserved 1048576K
}
Event: 356.106 GC heap after
{Heap after GC invocations=70 (full 0):
 garbage-first heap   total 370688K, used 221460K [0x0000000080000000, 0x0000000100000000)
  region size 1024K, 6 young (6144K), 6 survivors (6144K)
 Metaspace       used 157713K, committed 158784K, reserved 1187840K
  class space    used 21249K, committed 21760K, reserved 1048576K
}
Event: 357.317 GC heap before
{Heap before GC invocations=70 (full 0):
 garbage-first heap   total 370688K, used 305428K [0x0000000080000000, 0x0000000100000000)
  region size 1024K, 88 young (90112K), 6 survivors (6144K)
 Metaspace       used 160560K, committed 161600K, reserved 1196032K
  class space    used 21713K, committed 22208K, reserved 1048576K
}
Event: 357.326 GC heap after
{Heap after GC invocations=71 (full 0):
 garbage-first heap   total 370688K, used 223476K [0x0000000080000000, 0x0000000100000000)
  region size 1024K, 8 young (8192K), 8 survivors (8192K)
 Metaspace       used 160560K, committed 161600K, reserved 1196032K
  class space    used 21713K, committed 22208K, reserved 1048576K
}
Event: 368.454 GC heap before
{Heap before GC invocations=71 (full 0):
 garbage-first heap   total 370688K, used 326900K [0x0000000080000000, 0x0000000100000000)
  region size 1024K, 91 young (93184K), 8 survivors (8192K)
 Metaspace       used 161052K, committed 162176K, reserved 1196032K
  class space    used 21746K, committed 22272K, reserved 1048576K
}
Event: 368.467 GC heap after
{Heap after GC invocations=72 (full 0):
 garbage-first heap   total 370688K, used 230089K [0x0000000080000000, 0x0000000100000000)
  region size 1024K, 10 young (10240K), 10 survivors (10240K)
 Metaspace       used 161052K, committed 162176K, reserved 1196032K
  class space    used 21746K, committed 22272K, reserved 1048576K
}

