# JRE version: OpenJDK Runtime Environment (17.0.6) (build 17.0.6+0-b2043.56-9586694)
# Java VM: OpenJDK 64-Bit Server VM (17.0.6+0-b2043.56-9586694, mixed mode, tiered, compressed oops, compressed class ptrs, g1 gc, windows-amd64)
GC Precious Log:
 CPUs: 8 total, 8 available
 Memory: 10178M
 Large Page Support: Disabled
 NUMA Support: Disabled
 Compressed Oops: Enabled (32-bit)
 Heap Region Size: 1M
 Heap Min Capacity: 8M
 Heap Initial Capacity: 160M
 Heap Max Capacity: 2G
 Pre-touch: Disabled
 Parallel Workers: 8
 Concurrent Workers: 2
 Concurrent Refinement Workers: 8
 Periodic GC: Disabled
Heap:
 garbage-first heap   total 148480K, used 82598K [0x0000000080000000, 0x0000000100000000)
  region size 1024K, 27 young (27648K), 1 survivors (1024K)
 Metaspace       used 60563K, committed 61056K, reserved 1105920K
  class space    used 8012K, committed 8192K, reserved 1048576K
GC Heap History (20 events):
Event: 5.226 GC heap before
{Heap before GC invocations=6 (full 0):
 garbage-first heap   total 71680K, used 46762K [0x0000000080000000, 0x0000000100000000)
  region size 1024K, 30 young (30720K), 4 survivors (4096K)
 Metaspace       used 35609K, committed 35968K, reserved 1081344K
  class space    used 4876K, committed 5056K, reserved 1048576K
}
Event: 5.233 GC heap after
{Heap after GC invocations=7 (full 0):
 garbage-first heap   total 71680K, used 24427K [0x0000000080000000, 0x0000000100000000)
  region size 1024K, 4 young (4096K), 4 survivors (4096K)
 Metaspace       used 35609K, committed 35968K, reserved 1081344K
  class space    used 4876K, committed 5056K, reserved 1048576K
}
Event: 5.782 GC heap before
{Heap before GC invocations=8 (full 0):
 garbage-first heap   total 71680K, used 52075K [0x0000000080000000, 0x0000000100000000)
  region size 1024K, 32 young (32768K), 4 survivors (4096K)
 Metaspace       used 40375K, committed 40704K, reserved 1089536K
  class space    used 5355K, committed 5504K, reserved 1048576K
}
Event: 5.790 GC heap after
{Heap after GC invocations=9 (full 0):
 garbage-first heap   total 71680K, used 28445K [0x0000000080000000, 0x0000000100000000)
  region size 1024K, 4 young (4096K), 4 survivors (4096K)
 Metaspace       used 40375K, committed 40704K, reserved 1089536K
  class space    used 5355K, committed 5504K, reserved 1048576K
}
Event: 6.445 GC heap before
{Heap before GC invocations=9 (full 0):
 garbage-first heap   total 71680K, used 56093K [0x0000000080000000, 0x0000000100000000)
  region size 1024K, 28 young (28672K), 4 survivors (4096K)
 Metaspace       used 42576K, committed 42944K, reserved 1089536K
  class space    used 5569K, committed 5696K, reserved 1048576K
}
Event: 6.456 GC heap after
{Heap after GC invocations=10 (full 0):
 garbage-first heap   total 86016K, used 31826K [0x0000000080000000, 0x0000000100000000)
  region size 1024K, 4 young (4096K), 4 survivors (4096K)
 Metaspace       used 42576K, committed 42944K, reserved 1089536K
  class space    used 5569K, committed 5696K, reserved 1048576K
}
Event: 7.945 GC heap before
{Heap before GC invocations=10 (full 0):
 garbage-first heap   total 86016K, used 64594K [0x0000000080000000, 0x0000000100000000)
  region size 1024K, 35 young (35840K), 4 survivors (4096K)
 Metaspace       used 46992K, committed 47424K, reserved 1097728K
  class space    used 6152K, committed 6336K, reserved 1048576K
}
Event: 7.953 GC heap after
{Heap after GC invocations=11 (full 0):
 garbage-first heap   total 86016K, used 34399K [0x0000000080000000, 0x0000000100000000)
  region size 1024K, 3 young (3072K), 3 survivors (3072K)
 Metaspace       used 46992K, committed 47424K, reserved 1097728K
  class space    used 6152K, committed 6336K, reserved 1048576K
}
Event: 8.978 GC heap before
{Heap before GC invocations=11 (full 0):
 garbage-first heap   total 86016K, used 65119K [0x0000000080000000, 0x0000000100000000)
  region size 1024K, 33 young (33792K), 3 survivors (3072K)
 Metaspace       used 50833K, committed 51264K, reserved 1097728K
  class space    used 6740K, committed 6912K, reserved 1048576K
}
Event: 8.985 GC heap after
{Heap after GC invocations=12 (full 0):
 garbage-first heap   total 86016K, used 35828K [0x0000000080000000, 0x0000000100000000)
  region size 1024K, 5 young (5120K), 5 survivors (5120K)
 Metaspace       used 50833K, committed 51264K, reserved 1097728K
  class space    used 6740K, committed 6912K, reserved 1048576K
}
Event: 9.562 GC heap before
{Heap before GC invocations=12 (full 0):
 garbage-first heap   total 86016K, used 64500K [0x0000000080000000, 0x0000000100000000)
  region size 1024K, 34 young (34816K), 5 survivors (5120K)
 Metaspace       used 51699K, committed 52160K, reserved 1097728K
  class space    used 6821K, committed 7040K, reserved 1048576K
}
Event: 9.570 GC heap after
{Heap after GC invocations=13 (full 0):
 garbage-first heap   total 86016K, used 39631K [0x0000000080000000, 0x0000000100000000)
  region size 1024K, 5 young (5120K), 5 survivors (5120K)
 Metaspace       used 51699K, committed 52160K, reserved 1097728K
  class space    used 6821K, committed 7040K, reserved 1048576K
}
Event: 9.722 GC heap before
{Heap before GC invocations=13 (full 0):
 garbage-first heap   total 86016K, used 48847K [0x0000000080000000, 0x0000000100000000)
  region size 1024K, 13 young (13312K), 5 survivors (5120K)
 Metaspace       used 51989K, committed 52416K, reserved 1097728K
  class space    used 6865K, committed 7040K, reserved 1048576K
}
Event: 9.727 GC heap after
{Heap after GC invocations=14 (full 0):
 garbage-first heap   total 86016K, used 45654K [0x0000000080000000, 0x0000000100000000)
  region size 1024K, 4 young (4096K), 4 survivors (4096K)
 Metaspace       used 51989K, committed 52416K, reserved 1097728K
  class space    used 6865K, committed 7040K, reserved 1048576K
}
Event: 9.974 GC heap before
{Heap before GC invocations=15 (full 0):
 garbage-first heap   total 96256K, used 69206K [0x0000000080000000, 0x0000000100000000)
  region size 1024K, 22 young (22528K), 4 survivors (4096K)
 Metaspace       used 53538K, committed 53952K, reserved 1097728K
  class space    used 7055K, committed 7232K, reserved 1048576K
}
Event: 9.979 GC heap after
{Heap after GC invocations=16 (full 0):
 garbage-first heap   total 96256K, used 56645K [0x0000000080000000, 0x0000000100000000)
  region size 1024K, 3 young (3072K), 3 survivors (3072K)
 Metaspace       used 53538K, committed 53952K, reserved 1097728K
  class space    used 7055K, committed 7232K, reserved 1048576K
}
Event: 9.999 GC heap before
{Heap before GC invocations=16 (full 0):
 garbage-first heap   total 96256K, used 57669K [0x0000000080000000, 0x0000000100000000)
  region size 1024K, 4 young (4096K), 3 survivors (3072K)
 Metaspace       used 53622K, committed 54080K, reserved 1097728K
  class space    used 7073K, committed 7296K, reserved 1048576K
}
Event: 10.003 GC heap after
{Heap after GC invocations=17 (full 0):
 garbage-first heap   total 96256K, used 56444K [0x0000000080000000, 0x0000000100000000)
  region size 1024K, 1 young (1024K), 1 survivors (1024K)
 Metaspace       used 53622K, committed 54080K, reserved 1097728K
  class space    used 7073K, committed 7296K, reserved 1048576K
}
Event: 10.440 GC heap before
{Heap before GC invocations=17 (full 0):
 garbage-first heap   total 96256K, used 72828K [0x0000000080000000, 0x0000000100000000)
  region size 1024K, 17 young (17408K), 1 survivors (1024K)
 Metaspace       used 55779K, committed 56192K, reserved 1097728K
  class space    used 7394K, committed 7552K, reserved 1048576K
}
Event: 10.444 GC heap after
{Heap after GC invocations=18 (full 0):
 garbage-first heap   total 148480K, used 56998K [0x0000000080000000, 0x0000000100000000)
  region size 1024K, 1 young (1024K), 1 survivors (1024K)
 Metaspace       used 55779K, committed 56192K, reserved 1097728K
  class space    used 7394K, committed 7552K, reserved 1048576K
}

