# JRE version: OpenJDK Runtime Environment (17.0.6) (build 17.0.6+0-b2043.56-9586694)
# Java VM: OpenJDK 64-Bit Server VM (17.0.6+0-b2043.56-9586694, mixed mode, tiered, compressed oops, compressed class ptrs, g1 gc, windows-amd64)
GC Precious Log:
 CPUs: 8 total, 8 available
 Memory: 10178M
 Large Page Support: Disabled
 NUMA Support: Disabled
 Compressed Oops: Enabled (32-bit)
 Heap Region Size: 1M
 Heap Min Capacity: 8M
 Heap Initial Capacity: 160M
 Heap Max Capacity: 2G
 Pre-touch: Disabled
 Parallel Workers: 8
 Concurrent Workers: 2
 Concurrent Refinement Workers: 8
 Periodic GC: Disabled
Heap:
 garbage-first heap   total 319488K, used 256000K [0x0000000080000000, 0x0000000100000000)
  region size 1024K, 87 young (89088K), 1 survivors (1024K)
 Metaspace       used 129756K, committed 130624K, reserved 1163264K
  class space    used 17330K, committed 17728K, reserved 1048576K
GC Heap History (20 events):
Event: 17.156 GC heap before
{Heap before GC invocations=35 (full 0):
 garbage-first heap   total 189440K, used 150639K [0x0000000080000000, 0x0000000100000000)
  region size 1024K, 61 young (62464K), 9 survivors (9216K)
 Metaspace       used 95408K, committed 96064K, reserved 1138688K
  class space    used 13132K, committed 13440K, reserved 1048576K
}
Event: 17.169 GC heap after
{Heap after GC invocations=36 (full 0):
 garbage-first heap   total 319488K, used 104025K [0x0000000080000000, 0x0000000100000000)
  region size 1024K, 7 young (7168K), 7 survivors (7168K)
 Metaspace       used 95408K, committed 96064K, reserved 1138688K
  class space    used 13132K, committed 13440K, reserved 1048576K
}
Event: 18.502 GC heap before
{Heap before GC invocations=36 (full 0):
 garbage-first heap   total 319488K, used 245337K [0x0000000080000000, 0x0000000100000000)
  region size 1024K, 146 young (149504K), 7 survivors (7168K)
 Metaspace       used 96410K, committed 97088K, reserved 1138688K
  class space    used 13216K, committed 13504K, reserved 1048576K
}
Event: 18.518 GC heap after
{Heap after GC invocations=37 (full 0):
 garbage-first heap   total 319488K, used 112170K [0x0000000080000000, 0x0000000100000000)
  region size 1024K, 15 young (15360K), 15 survivors (15360K)
 Metaspace       used 96410K, committed 97088K, reserved 1138688K
  class space    used 13216K, committed 13504K, reserved 1048576K
}
Event: 20.060 GC heap before
{Heap before GC invocations=37 (full 0):
 garbage-first heap   total 319488K, used 245290K [0x0000000080000000, 0x0000000100000000)
  region size 1024K, 146 young (149504K), 15 survivors (15360K)
 Metaspace       used 100939K, committed 101696K, reserved 1138688K
  class space    used 13821K, committed 14208K, reserved 1048576K
}
Event: 20.080 GC heap after
{Heap after GC invocations=38 (full 0):
 garbage-first heap   total 319488K, used 121565K [0x0000000080000000, 0x0000000100000000)
  region size 1024K, 12 young (12288K), 12 survivors (12288K)
 Metaspace       used 100939K, committed 101696K, reserved 1138688K
  class space    used 13821K, committed 14208K, reserved 1048576K
}
Event: 23.556 GC heap before
{Heap before GC invocations=38 (full 0):
 garbage-first heap   total 319488K, used 262877K [0x0000000080000000, 0x0000000100000000)
  region size 1024K, 138 young (141312K), 12 survivors (12288K)
 Metaspace       used 110953K, committed 111744K, reserved 1146880K
  class space    used 14922K, committed 15296K, reserved 1048576K
}
Event: 23.570 GC heap after
{Heap after GC invocations=39 (full 0):
 garbage-first heap   total 319488K, used 138240K [0x0000000080000000, 0x0000000100000000)
  region size 1024K, 13 young (13312K), 13 survivors (13312K)
 Metaspace       used 110953K, committed 111744K, reserved 1146880K
  class space    used 14922K, committed 15296K, reserved 1048576K
}
Event: 26.540 GC heap before
{Heap before GC invocations=39 (full 0):
 garbage-first heap   total 319488K, used 219136K [0x0000000080000000, 0x0000000100000000)
  region size 1024K, 91 young (93184K), 13 survivors (13312K)
 Metaspace       used 116603K, committed 117376K, reserved 1155072K
  class space    used 15576K, committed 16000K, reserved 1048576K
}
Event: 26.551 GC heap after
{Heap after GC invocations=40 (full 0):
 garbage-first heap   total 319488K, used 136953K [0x0000000080000000, 0x0000000100000000)
  region size 1024K, 4 young (4096K), 4 survivors (4096K)
 Metaspace       used 116603K, committed 117376K, reserved 1155072K
  class space    used 15576K, committed 16000K, reserved 1048576K
}
Event: 28.411 GC heap before
{Heap before GC invocations=41 (full 0):
 garbage-first heap   total 319488K, used 263929K [0x0000000080000000, 0x0000000100000000)
  region size 1024K, 123 young (125952K), 4 survivors (4096K)
 Metaspace       used 119426K, committed 120320K, reserved 1155072K
  class space    used 15923K, committed 16384K, reserved 1048576K
}
Event: 28.431 GC heap after
{Heap after GC invocations=42 (full 0):
 garbage-first heap   total 319488K, used 147902K [0x0000000080000000, 0x0000000100000000)
  region size 1024K, 13 young (13312K), 13 survivors (13312K)
 Metaspace       used 119426K, committed 120320K, reserved 1155072K
  class space    used 15923K, committed 16384K, reserved 1048576K
}
Event: 28.438 GC heap before
{Heap before GC invocations=42 (full 0):
 garbage-first heap   total 319488K, used 148926K [0x0000000080000000, 0x0000000100000000)
  region size 1024K, 15 young (15360K), 13 survivors (13312K)
 Metaspace       used 119431K, committed 120320K, reserved 1155072K
  class space    used 15923K, committed 16384K, reserved 1048576K
}
Event: 28.450 GC heap after
{Heap after GC invocations=43 (full 0):
 garbage-first heap   total 319488K, used 144419K [0x0000000080000000, 0x0000000100000000)
  region size 1024K, 2 young (2048K), 2 survivors (2048K)
 Metaspace       used 119431K, committed 120320K, reserved 1155072K
  class space    used 15923K, committed 16384K, reserved 1048576K
}
Event: 30.007 GC heap before
{Heap before GC invocations=43 (full 0):
 garbage-first heap   total 319488K, used 261155K [0x0000000080000000, 0x0000000100000000)
  region size 1024K, 113 young (115712K), 2 survivors (2048K)
 Metaspace       used 121735K, committed 122560K, reserved 1155072K
  class space    used 16227K, committed 16640K, reserved 1048576K
}
Event: 30.022 GC heap after
{Heap after GC invocations=44 (full 0):
 garbage-first heap   total 319488K, used 161792K [0x0000000080000000, 0x0000000100000000)
  region size 1024K, 15 young (15360K), 15 survivors (15360K)
 Metaspace       used 121735K, committed 122560K, reserved 1155072K
  class space    used 16227K, committed 16640K, reserved 1048576K
}
Event: 31.653 GC heap before
{Heap before GC invocations=45 (full 0):
 garbage-first heap   total 319488K, used 257024K [0x0000000080000000, 0x0000000100000000)
  region size 1024K, 108 young (110592K), 15 survivors (15360K)
 Metaspace       used 125867K, committed 126720K, reserved 1163264K
  class space    used 16756K, committed 17152K, reserved 1048576K
}
Event: 31.672 GC heap after
{Heap after GC invocations=46 (full 0):
 garbage-first heap   total 319488K, used 169294K [0x0000000080000000, 0x0000000100000000)
  region size 1024K, 8 young (8192K), 8 survivors (8192K)
 Metaspace       used 125867K, committed 126720K, reserved 1163264K
  class space    used 16756K, committed 17152K, reserved 1048576K
}
Event: 31.769 GC heap before
{Heap before GC invocations=46 (full 0):
 garbage-first heap   total 319488K, used 176462K [0x0000000080000000, 0x0000000100000000)
  region size 1024K, 15 young (15360K), 8 survivors (8192K)
 Metaspace       used 125984K, committed 126848K, reserved 1163264K
  class space    used 16772K, committed 17152K, reserved 1048576K
}
Event: 31.781 GC heap after
{Heap after GC invocations=47 (full 0):
 garbage-first heap   total 319488K, used 167936K [0x0000000080000000, 0x0000000100000000)
  region size 1024K, 1 young (1024K), 1 survivors (1024K)
 Metaspace       used 125984K, committed 126848K, reserved 1163264K
  class space    used 16772K, committed 17152K, reserved 1048576K
}

