# JRE version: OpenJDK Runtime Environment (17.0.6) (build 17.0.6+0-b2043.56-9586694)
# Java VM: OpenJDK 64-Bit Server VM (17.0.6+0-b2043.56-9586694, mixed mode, tiered, compressed oops, compressed class ptrs, g1 gc, windows-amd64)
GC Precious Log:
 CPUs: 8 total, 8 available
 Memory: 10178M
 Large Page Support: Disabled
 NUMA Support: Disabled
 Compressed Oops: Enabled (32-bit)
 Heap Region Size: 1M
 Heap Min Capacity: 8M
 Heap Initial Capacity: 160M
 Heap Max Capacity: 2G
 Pre-touch: Disabled
 Parallel Workers: 8
 Concurrent Workers: 2
 Concurrent Refinement Workers: 8
 Periodic GC: Disabled
Heap:
 garbage-first heap   total 167936K, used 127765K [0x0000000080000000, 0x0000000100000000)
  region size 1024K, 59 young (60416K), 8 survivors (8192K)
 Metaspace       used 89455K, committed 89984K, reserved 1130496K
  class space    used 12220K, committed 12480K, reserved 1048576K
GC Heap History (20 events):
Event: 11.113 GC heap before
{Heap before GC invocations=18 (full 0):
 garbage-first heap   total 97280K, used 73831K [0x0000000080000000, 0x0000000100000000)
  region size 1024K, 20 young (20480K), 3 survivors (3072K)
 Metaspace       used 56012K, committed 56512K, reserved 1105920K
  class space    used 7429K, committed 7616K, reserved 1048576K
}
Event: 11.117 GC heap after
{Heap after GC invocations=19 (full 0):
 garbage-first heap   total 97280K, used 57252K [0x0000000080000000, 0x0000000100000000)
  region size 1024K, 1 young (1024K), 1 survivors (1024K)
 Metaspace       used 56012K, committed 56512K, reserved 1105920K
  class space    used 7429K, committed 7616K, reserved 1048576K
}
Event: 11.717 GC heap before
{Heap before GC invocations=20 (full 0):
 garbage-first heap   total 101376K, used 74660K [0x0000000080000000, 0x0000000100000000)
  region size 1024K, 19 young (19456K), 1 survivors (1024K)
 Metaspace       used 58949K, committed 59520K, reserved 1105920K
  class space    used 7800K, committed 8064K, reserved 1048576K
}
Event: 11.722 GC heap after
{Heap after GC invocations=21 (full 0):
 garbage-first heap   total 101376K, used 57884K [0x0000000080000000, 0x0000000100000000)
  region size 1024K, 2 young (2048K), 2 survivors (2048K)
 Metaspace       used 58949K, committed 59520K, reserved 1105920K
  class space    used 7800K, committed 8064K, reserved 1048576K
}
Event: 11.775 GC heap before
{Heap before GC invocations=21 (full 0):
 garbage-first heap   total 101376K, used 59932K [0x0000000080000000, 0x0000000100000000)
  region size 1024K, 4 young (4096K), 2 survivors (2048K)
 Metaspace       used 59109K, committed 59648K, reserved 1105920K
  class space    used 7828K, committed 8064K, reserved 1048576K
}
Event: 11.780 GC heap after
{Heap after GC invocations=22 (full 0):
 garbage-first heap   total 101376K, used 57315K [0x0000000080000000, 0x0000000100000000)
  region size 1024K, 1 young (1024K), 1 survivors (1024K)
 Metaspace       used 59109K, committed 59648K, reserved 1105920K
  class space    used 7828K, committed 8064K, reserved 1048576K
}
Event: 12.320 GC heap before
{Heap before GC invocations=22 (full 0):
 garbage-first heap   total 101376K, used 71651K [0x0000000080000000, 0x0000000100000000)
  region size 1024K, 16 young (16384K), 1 survivors (1024K)
 Metaspace       used 62728K, committed 63232K, reserved 1105920K
  class space    used 8287K, committed 8512K, reserved 1048576K
}
Event: 12.324 GC heap after
{Heap after GC invocations=23 (full 0):
 garbage-first heap   total 101376K, used 59083K [0x0000000080000000, 0x0000000100000000)
  region size 1024K, 2 young (2048K), 2 survivors (2048K)
 Metaspace       used 62728K, committed 63232K, reserved 1105920K
  class space    used 8287K, committed 8512K, reserved 1048576K
}
Event: 12.669 GC heap before
{Heap before GC invocations=24 (full 0):
 garbage-first heap   total 128000K, used 83659K [0x0000000080000000, 0x0000000100000000)
  region size 1024K, 20 young (20480K), 2 survivors (2048K)
 Metaspace       used 63666K, committed 64192K, reserved 1105920K
  class space    used 8420K, committed 8640K, reserved 1048576K
}
Event: 12.674 GC heap after
{Heap after GC invocations=25 (full 0):
 garbage-first heap   total 128000K, used 60985K [0x0000000080000000, 0x0000000100000000)
  region size 1024K, 3 young (3072K), 3 survivors (3072K)
 Metaspace       used 63666K, committed 64192K, reserved 1105920K
  class space    used 8420K, committed 8640K, reserved 1048576K
}
Event: 12.821 GC heap before
{Heap before GC invocations=25 (full 0):
 garbage-first heap   total 128000K, used 64057K [0x0000000080000000, 0x0000000100000000)
  region size 1024K, 6 young (6144K), 3 survivors (3072K)
 Metaspace       used 64022K, committed 64512K, reserved 1105920K
  class space    used 8455K, committed 8640K, reserved 1048576K
}
Event: 12.829 GC heap after
{Heap after GC invocations=26 (full 0):
 garbage-first heap   total 167936K, used 61742K [0x0000000080000000, 0x0000000100000000)
  region size 1024K, 1 young (1024K), 1 survivors (1024K)
 Metaspace       used 64022K, committed 64512K, reserved 1105920K
  class space    used 8455K, committed 8640K, reserved 1048576K
}
Event: 13.959 GC heap before
{Heap before GC invocations=26 (full 0):
 garbage-first heap   total 167936K, used 112942K [0x0000000080000000, 0x0000000100000000)
  region size 1024K, 50 young (51200K), 1 survivors (1024K)
 Metaspace       used 68792K, committed 69376K, reserved 1114112K
  class space    used 9070K, committed 9344K, reserved 1048576K
}
Event: 13.964 GC heap after
{Heap after GC invocations=27 (full 0):
 garbage-first heap   total 167936K, used 64676K [0x0000000080000000, 0x0000000100000000)
  region size 1024K, 4 young (4096K), 4 survivors (4096K)
 Metaspace       used 68792K, committed 69376K, reserved 1114112K
  class space    used 9070K, committed 9344K, reserved 1048576K
}
Event: 14.857 GC heap before
{Heap before GC invocations=27 (full 0):
 garbage-first heap   total 167936K, used 120996K [0x0000000080000000, 0x0000000100000000)
  region size 1024K, 59 young (60416K), 4 survivors (4096K)
 Metaspace       used 71249K, committed 71808K, reserved 1114112K
  class space    used 9401K, committed 9664K, reserved 1048576K
}
Event: 14.868 GC heap after
{Heap after GC invocations=28 (full 0):
 garbage-first heap   total 167936K, used 69267K [0x0000000080000000, 0x0000000100000000)
  region size 1024K, 8 young (8192K), 8 survivors (8192K)
 Metaspace       used 71249K, committed 71808K, reserved 1114112K
  class space    used 9401K, committed 9664K, reserved 1048576K
}
Event: 16.394 GC heap before
{Heap before GC invocations=28 (full 0):
 garbage-first heap   total 167936K, used 124563K [0x0000000080000000, 0x0000000100000000)
  region size 1024K, 62 young (63488K), 8 survivors (8192K)
 Metaspace       used 77576K, committed 78208K, reserved 1122304K
  class space    used 10503K, committed 10816K, reserved 1048576K
}
Event: 16.404 GC heap after
{Heap after GC invocations=29 (full 0):
 garbage-first heap   total 167936K, used 73110K [0x0000000080000000, 0x0000000100000000)
  region size 1024K, 4 young (4096K), 4 survivors (4096K)
 Metaspace       used 77576K, committed 78208K, reserved 1122304K
  class space    used 10503K, committed 10816K, reserved 1048576K
}
Event: 17.589 GC heap before
{Heap before GC invocations=29 (full 0):
 garbage-first heap   total 167936K, used 128406K [0x0000000080000000, 0x0000000100000000)
  region size 1024K, 58 young (59392K), 4 survivors (4096K)
 Metaspace       used 84322K, committed 84864K, reserved 1122304K
  class space    used 11455K, committed 11712K, reserved 1048576K
}
Event: 17.599 GC heap after
{Heap after GC invocations=30 (full 0):
 garbage-first heap   total 167936K, used 76565K [0x0000000080000000, 0x0000000100000000)
  region size 1024K, 8 young (8192K), 8 survivors (8192K)
 Metaspace       used 84322K, committed 84864K, reserved 1122304K
  class space    used 11455K, committed 11712K, reserved 1048576K
}

