# JRE version: OpenJDK Runtime Environment (17.0.6) (build 17.0.6+0-b2043.56-9586694)
# Java VM: OpenJDK 64-Bit Server VM (17.0.6+0-b2043.56-9586694, mixed mode, tiered, compressed oops, compressed class ptrs, g1 gc, windows-amd64)
GC Precious Log:
 CPUs: 8 total, 8 available
 Memory: 10178M
 Large Page Support: Disabled
 NUMA Support: Disabled
 Compressed Oops: Enabled (Zero based)
 Heap Region Size: 2M
 Heap Min Capacity: 8M
 Heap Initial Capacity: 160M
 Heap Max Capacity: 2546M
 Pre-touch: Disabled
 Parallel Workers: 8
 Concurrent Workers: 2
 Concurrent Refinement Workers: 8
 Periodic GC: Disabled
Heap:
 garbage-first heap   total 278528K, used 69281K [0x0000000760e00000, 0x0000000800000000)
  region size 2048K, 7 young (14336K), 2 survivors (4096K)
 Metaspace       used 67246K, committed 67584K, reserved 1114112K
  class space    used 7894K, committed 8064K, reserved 1048576K
GC Heap History (20 events):
Event: 6.398 GC heap before
{Heap before GC invocations=15 (full 0):
 garbage-first heap   total 79872K, used 58922K [0x0000000760e00000, 0x0000000800000000)
  region size 2048K, 12 young (24576K), 1 survivors (2048K)
 Metaspace       used 56018K, committed 56320K, reserved 1105920K
  class space    used 6704K, committed 6848K, reserved 1048576K
}
Event: 6.411 GC heap after
{Heap after GC invocations=16 (full 0):
 garbage-first heap   total 79872K, used 39291K [0x0000000760e00000, 0x0000000800000000)
  region size 2048K, 2 young (4096K), 2 survivors (4096K)
 Metaspace       used 56018K, committed 56320K, reserved 1105920K
  class space    used 6704K, committed 6848K, reserved 1048576K
}
Event: 6.988 GC heap before
{Heap before GC invocations=16 (full 0):
 garbage-first heap   total 79872K, used 57723K [0x0000000760e00000, 0x0000000800000000)
  region size 2048K, 12 young (24576K), 2 survivors (4096K)
 Metaspace       used 58379K, committed 58688K, reserved 1105920K
  class space    used 7018K, committed 7168K, reserved 1048576K
}
Event: 7.001 GC heap after
{Heap after GC invocations=17 (full 0):
 garbage-first heap   total 79872K, used 41796K [0x0000000760e00000, 0x0000000800000000)
  region size 2048K, 2 young (4096K), 2 survivors (4096K)
 Metaspace       used 58379K, committed 58688K, reserved 1105920K
  class space    used 7018K, committed 7168K, reserved 1048576K
}
Event: 7.657 GC heap before
{Heap before GC invocations=18 (full 0):
 garbage-first heap   total 79872K, used 60228K [0x0000000760e00000, 0x0000000800000000)
  region size 2048K, 11 young (22528K), 2 survivors (4096K)
 Metaspace       used 59348K, committed 59648K, reserved 1105920K
  class space    used 7082K, committed 7232K, reserved 1048576K
}
Event: 7.670 GC heap after
{Heap after GC invocations=19 (full 0):
 garbage-first heap   total 79872K, used 44776K [0x0000000760e00000, 0x0000000800000000)
  region size 2048K, 2 young (4096K), 2 survivors (4096K)
 Metaspace       used 59348K, committed 59648K, reserved 1105920K
  class space    used 7082K, committed 7232K, reserved 1048576K
}
Event: 7.719 GC heap before
{Heap before GC invocations=19 (full 0):
 garbage-first heap   total 79872K, used 46824K [0x0000000760e00000, 0x0000000800000000)
  region size 2048K, 3 young (6144K), 2 survivors (4096K)
 Metaspace       used 59396K, committed 59712K, reserved 1105920K
  class space    used 7082K, committed 7232K, reserved 1048576K
}
Event: 7.737 GC heap after
{Heap after GC invocations=20 (full 0):
 garbage-first heap   total 96256K, used 45573K [0x0000000760e00000, 0x0000000800000000)
  region size 2048K, 1 young (2048K), 1 survivors (2048K)
 Metaspace       used 59396K, committed 59712K, reserved 1105920K
  class space    used 7082K, committed 7232K, reserved 1048576K
}
Event: 8.281 GC heap before
{Heap before GC invocations=20 (full 0):
 garbage-first heap   total 96256K, used 72197K [0x0000000760e00000, 0x0000000800000000)
  region size 2048K, 14 young (28672K), 1 survivors (2048K)
 Metaspace       used 59751K, committed 60032K, reserved 1105920K
  class space    used 7098K, committed 7232K, reserved 1048576K
}
Event: 8.296 GC heap after
{Heap after GC invocations=21 (full 0):
 garbage-first heap   total 96256K, used 50528K [0x0000000760e00000, 0x0000000800000000)
  region size 2048K, 2 young (4096K), 2 survivors (4096K)
 Metaspace       used 59751K, committed 60032K, reserved 1105920K
  class space    used 7098K, committed 7232K, reserved 1048576K
}
Event: 8.589 GC heap before
{Heap before GC invocations=22 (full 0):
 garbage-first heap   total 96256K, used 73056K [0x0000000760e00000, 0x0000000800000000)
  region size 2048K, 13 young (26624K), 2 survivors (4096K)
 Metaspace       used 60353K, committed 60608K, reserved 1105920K
  class space    used 7174K, committed 7296K, reserved 1048576K
}
Event: 8.604 GC heap after
{Heap after GC invocations=23 (full 0):
 garbage-first heap   total 96256K, used 52214K [0x0000000760e00000, 0x0000000800000000)
  region size 2048K, 1 young (2048K), 1 survivors (2048K)
 Metaspace       used 60353K, committed 60608K, reserved 1105920K
  class space    used 7174K, committed 7296K, reserved 1048576K
}
Event: 8.615 GC heap before
{Heap before GC invocations=23 (full 0):
 garbage-first heap   total 96256K, used 54262K [0x0000000760e00000, 0x0000000800000000)
  region size 2048K, 2 young (4096K), 1 survivors (2048K)
 Metaspace       used 60353K, committed 60608K, reserved 1105920K
  class space    used 7174K, committed 7296K, reserved 1048576K
}
Event: 8.639 GC heap after
{Heap after GC invocations=24 (full 0):
 garbage-first heap   total 96256K, used 52038K [0x0000000760e00000, 0x0000000800000000)
  region size 2048K, 1 young (2048K), 1 survivors (2048K)
 Metaspace       used 60353K, committed 60608K, reserved 1105920K
  class space    used 7174K, committed 7296K, reserved 1048576K
}
Event: 9.485 GC heap before
{Heap before GC invocations=24 (full 0):
 garbage-first heap   total 96256K, used 74566K [0x0000000760e00000, 0x0000000800000000)
  region size 2048K, 12 young (24576K), 1 survivors (2048K)
 Metaspace       used 63839K, committed 64128K, reserved 1105920K
  class space    used 7654K, committed 7808K, reserved 1048576K
}
Event: 9.495 GC heap after
{Heap after GC invocations=25 (full 0):
 garbage-first heap   total 96256K, used 53657K [0x0000000760e00000, 0x0000000800000000)
  region size 2048K, 2 young (4096K), 2 survivors (4096K)
 Metaspace       used 63839K, committed 64128K, reserved 1105920K
  class space    used 7654K, committed 7808K, reserved 1048576K
}
Event: 10.480 GC heap before
{Heap before GC invocations=26 (full 0):
 garbage-first heap   total 96256K, used 76185K [0x0000000760e00000, 0x0000000800000000)
  region size 2048K, 13 young (26624K), 2 survivors (4096K)
 Metaspace       used 65580K, committed 65920K, reserved 1114112K
  class space    used 7814K, committed 7936K, reserved 1048576K
}
Event: 10.494 GC heap after
{Heap after GC invocations=27 (full 0):
 garbage-first heap   total 96256K, used 56779K [0x0000000760e00000, 0x0000000800000000)
  region size 2048K, 2 young (4096K), 2 survivors (4096K)
 Metaspace       used 65580K, committed 65920K, reserved 1114112K
  class space    used 7814K, committed 7936K, reserved 1048576K
}
Event: 11.449 GC heap before
{Heap before GC invocations=27 (full 0):
 garbage-first heap   total 96256K, used 75211K [0x0000000760e00000, 0x0000000800000000)
  region size 2048K, 12 young (24576K), 2 survivors (4096K)
 Metaspace       used 66930K, committed 67264K, reserved 1114112K
  class space    used 7890K, committed 8064K, reserved 1048576K
}
Event: 11.467 GC heap after
{Heap after GC invocations=28 (full 0):
 garbage-first heap   total 278528K, used 61089K [0x0000000760e00000, 0x0000000800000000)
  region size 2048K, 2 young (4096K), 2 survivors (4096K)
 Metaspace       used 66930K, committed 67264K, reserved 1114112K
  class space    used 7890K, committed 8064K, reserved 1048576K
}

